<?xml version="1.0" encoding="UTF-8"?>
<!-- Generated by org.testng.reporters.JUnitReportReporter -->
<testsuite hostname="LT062360" name="test.MotifTest" tests="2" failures="0" timestamp="13 Mar 2019 08:30:10 GMT" time="9.863" errors="0">
  <testcase name="CreateNewMOTIF" time="5.975" classname="test.MotifTest"/>
  <testcase name="EditMOTIF" time="3.888" classname="test.MotifTest"/>
</testsuite> <!-- test.MotifTest -->
