<?xml version="1.0" encoding="UTF-8"?>
<!-- Generated by org.testng.reporters.JUnitReportReporter -->
<testsuite hostname="LT062360" name="test.UserTest" tests="2" failures="0" timestamp="13 Mar 2019 08:30:10 GMT" time="11.242" errors="0">
  <testcase name="EditNewUser" time="6.161" classname="test.UserTest"/>
  <testcase name="CreateNewUser" time="5.081" classname="test.UserTest"/>
</testsuite> <!-- test.UserTest -->
