<?xml version="1.0" encoding="UTF-8"?>
<!-- Generated by org.testng.reporters.JUnitReportReporter -->
<testsuite hostname="LT062360" name="test.LoginTest" tests="3" failures="0" timestamp="13 Mar 2019 08:30:10 GMT" time="7.938" errors="0">
  <testcase name="invalidLogin" time="1.617" classname="test.LoginTest"/>
  <testcase name="checkloginpage" time="0.930" classname="test.LoginTest"/>
  <testcase name="AdminvalidLogin" time="5.391" classname="test.LoginTest"/>
</testsuite> <!-- test.LoginTest -->
