<?xml version="1.0" encoding="UTF-8"?>
<!-- Generated by org.testng.reporters.JUnitReportReporter -->
<testsuite hostname="LT062360" name="test.OrderTest" tests="3" failures="0" timestamp="13 Mar 2019 08:30:10 GMT" time="56.608" errors="0">
  <testcase name="SearchOrderWithcreationDate" time="13.264" classname="test.OrderTest"/>
  <testcase name="SearchOrderWithreceptionDate" time="34.860" classname="test.OrderTest"/>
  <testcase name="SearchOrderWithOrdnumber" time="8.484" classname="test.OrderTest"/>
</testsuite> <!-- test.OrderTest -->
