<?xml version="1.0" encoding="UTF-8"?>
<!-- Generated by org.testng.reporters.JUnitReportReporter -->
<testsuite hostname="LT062360" name="test.ImportExcel" tests="4" failures="0" timestamp="13 Mar 2019 08:30:10 GMT" time="23.315" errors="0">
  <testcase name="validExcelfile" time="14.443" classname="test.ImportExcel"/>
  <testcase name="InvalidRowsCount" time="3.075" classname="test.ImportExcel"/>
  <testcase name="InvalidTables" time="2.756" classname="test.ImportExcel"/>
  <testcase name="OtherthenExcel" time="3.041" classname="test.ImportExcel"/>
</testsuite> <!-- test.ImportExcel -->
